{"contracts/BnBooking.sol":{"l":{"36":3,"37":3,"40":4,"41":4,"45":0,"46":0,"47":0,"51":1,"59":0,"63":0,"67":0,"71":4,"72":0,"73":0,"75":0,"77":0,"79":0,"81":0,"82":0,"84":0,"89":0,"90":0,"91":0,"96":0,"97":0,"98":0,"102":0,"103":0,"108":0},"path":"/home/gonza/FIUBA/taller2/2c2020/bnbooking-sc/contracts/BnBooking.sol","s":{"1":3,"2":3,"3":4,"4":0,"5":0,"6":0,"7":1,"8":0,"9":0,"10":0,"11":4,"12":0,"13":0,"14":0,"15":0,"16":0,"17":0,"18":0,"19":0,"20":0,"21":0,"22":0,"23":0,"24":0,"25":0,"26":0,"27":0},"b":{"1":[4,0],"2":[0,4],"3":[0,0],"4":[0,0],"5":[0,0],"6":[0,0],"7":[0,0]},"f":{"1":3,"2":4,"3":0,"4":1,"5":0,"6":0,"7":0,"8":4,"9":0,"10":0,"11":0,"12":0},"fnMap":{"1":{"name":"constructor","line":35,"loc":{"start":{"line":35,"column":4},"end":{"line":38,"column":4}}},"2":{"name":"validDate","line":39,"loc":{"start":{"line":39,"column":4},"end":{"line":42,"column":4}}},"3":{"name":"claimPayments","line":44,"loc":{"start":{"line":44,"column":4},"end":{"line":48,"column":4}}},"4":{"name":"createRoom","line":50,"loc":{"start":{"line":50,"column":4},"end":{"line":56,"column":4}}},"5":{"name":"setFeeRate","line":58,"loc":{"start":{"line":58,"column":4},"end":{"line":60,"column":4}}},"6":{"name":"setFeeReceiver","line":62,"loc":{"start":{"line":62,"column":4},"end":{"line":64,"column":4}}},"7":{"name":"booked","line":66,"loc":{"start":{"line":66,"column":4},"end":{"line":68,"column":4}}},"8":{"name":"book","line":70,"loc":{"start":{"line":70,"column":4},"end":{"line":85,"column":4}}},"9":{"name":"removeRoom","line":88,"loc":{"start":{"line":88,"column":4},"end":{"line":92,"column":4}}},"10":{"name":"changePrice","line":95,"loc":{"start":{"line":95,"column":4},"end":{"line":99,"column":4}}},"11":{"name":"splitPayment","line":101,"loc":{"start":{"line":101,"column":4},"end":{"line":104,"column":4}}},"12":{"name":"getDateId","line":107,"loc":{"start":{"line":107,"column":4},"end":{"line":109,"column":4}}}},"statementMap":{"1":{"start":{"line":36,"column":8},"end":{"line":36,"column":25}},"2":{"start":{"line":37,"column":8},"end":{"line":37,"column":33}},"3":{"start":{"line":40,"column":8},"end":{"line":40,"column":36}},"4":{"start":{"line":45,"column":8},"end":{"line":45,"column":68}},"5":{"start":{"line":46,"column":8},"end":{"line":46,"column":46}},"6":{"start":{"line":47,"column":8},"end":{"line":47,"column":56}},"7":{"start":{"line":51,"column":8},"end":{"line":51,"column":1562}},"8":{"start":{"line":59,"column":8},"end":{"line":59,"column":27}},"9":{"start":{"line":63,"column":8},"end":{"line":63,"column":35}},"10":{"start":{"line":67,"column":8},"end":{"line":67,"column":74}},"11":{"start":{"line":71,"column":8},"end":{"line":71,"column":56}},"12":{"start":{"line":72,"column":8},"end":{"line":72,"column":65}},"13":{"start":{"line":73,"column":8},"end":{"line":73,"column":72}},"14":{"start":{"line":75,"column":8},"end":{"line":75,"column":41}},"15":{"start":{"line":77,"column":8},"end":{"line":77,"column":60}},"16":{"start":{"line":79,"column":8},"end":{"line":79,"column":53}},"17":{"start":{"line":81,"column":8},"end":{"line":81,"column":43}},"18":{"start":{"line":82,"column":8},"end":{"line":82,"column":65}},"19":{"start":{"line":84,"column":8},"end":{"line":84,"column":74}},"20":{"start":{"line":89,"column":8},"end":{"line":89,"column":45}},"21":{"start":{"line":90,"column":8},"end":{"line":90,"column":82}},"22":{"start":{"line":96,"column":8},"end":{"line":96,"column":45}},"23":{"start":{"line":97,"column":8},"end":{"line":97,"column":57}},"24":{"start":{"line":98,"column":8},"end":{"line":98,"column":32}},"25":{"start":{"line":102,"column":8},"end":{"line":102,"column":81}},"26":{"start":{"line":103,"column":8},"end":{"line":103,"column":95}},"27":{"start":{"line":108,"column":8},"end":{"line":108,"column":60}}},"branchMap":{"1":{"line":40,"type":"if","locations":[{"start":{"line":40,"column":8},"end":{"line":40,"column":8}},{"start":{"line":40,"column":8},"end":{"line":40,"column":8}}]},"2":{"line":71,"type":"if","locations":[{"start":{"line":71,"column":8},"end":{"line":71,"column":8}},{"start":{"line":71,"column":8},"end":{"line":71,"column":8}}]},"3":{"line":72,"type":"if","locations":[{"start":{"line":72,"column":8},"end":{"line":72,"column":8}},{"start":{"line":72,"column":8},"end":{"line":72,"column":8}}]},"4":{"line":73,"type":"if","locations":[{"start":{"line":73,"column":8},"end":{"line":73,"column":8}},{"start":{"line":73,"column":8},"end":{"line":73,"column":8}}]},"5":{"line":77,"type":"if","locations":[{"start":{"line":77,"column":8},"end":{"line":77,"column":8}},{"start":{"line":77,"column":8},"end":{"line":77,"column":8}}]},"6":{"line":90,"type":"if","locations":[{"start":{"line":90,"column":8},"end":{"line":90,"column":8}},{"start":{"line":90,"column":8},"end":{"line":90,"column":8}}]},"7":{"line":97,"type":"if","locations":[{"start":{"line":97,"column":8},"end":{"line":97,"column":8}},{"start":{"line":97,"column":8},"end":{"line":97,"column":8}}]}}}}